<?xml version="1.0" encoding="UTF-8"?>
<!-- Generated by org.testng.reporters.JUnitXMLReporter -->
<testsuite ignored="0" hostname="Shubham" failures="0" tests="5" name="Default test" time="0.967" errors="0" timestamp="2025-04-20T12:29:59 IST">
  <testcase classname="com.test.web.sample.TestUSer3" name="runTest" time="0.031"/>
  <testcase classname="com.test.web.sample.TestUSer3" name="runTest" time="0.006"/>
  <testcase classname="com.test.web.sample.TestUSer3" name="runTest" time="0.001"/>
  <testcase classname="com.test.web.sample.TestUSer3" name="runTest" time="0.003"/>
  <testcase classname="com.test.web.sample.TestUSer3" name="runTest" time="0.002"/>
</testsuite> <!-- Default test -->
