<?xml version="1.0" encoding="UTF-8"?>
<!-- Generated by org.testng.reporters.JUnitXMLReporter -->
<testsuite ignored="0" hostname="Shubham" failures="0" tests="7" name="Default test" time="25.427" errors="0" timestamp="2025-04-24T10:25:39 IST">
  <testcase classname="com.test.web.sample.TestUSer3" name="runTest" time="4.083"/>
  <testcase classname="com.test.web.sample.TestUSer3" name="runTest" time="1.59"/>
  <testcase classname="com.test.web.sample.TestUSer3" name="runTest" time="1.569"/>
  <testcase classname="com.test.web.sample.TestUSer3" name="runTest" time="3.902"/>
  <testcase classname="com.test.web.sample.TestUSer3" name="runTest" time="1.629"/>
  <testcase classname="com.test.web.sample.TestUSer3" name="runTest" time="1.79"/>
  <testcase classname="com.test.web.sample.TestUSer3" name="runTest" time="3.221"/>
</testsuite> <!-- Default test -->
