<?xml version="1.0" encoding="UTF-8"?>
<testng-results ignored="0" total="5" passed="5" failed="0" skipped="0">
  <reporter-output>
  </reporter-output>
  <suite started-at="2025-04-20T12:29:58 IST" name="Default suite" finished-at="2025-04-20T12:29:59 IST" duration-ms="967">
    <groups>
    </groups>
    <test started-at="2025-04-20T12:29:58 IST" name="Default test" finished-at="2025-04-20T12:29:59 IST" duration-ms="967">
      <class name="com.test.web.sample.TestUSer3">
        <test-method is-config="true" signature="initialize()[pri:0, instance:com.test.web.sample.TestUSer3@53dbe163]" started-at="2025-04-20T12:29:58 IST" name="initialize" finished-at="2025-04-20T12:29:58 IST" duration-ms="809" status="PASS">
          <reporter-output>
          </reporter-output>
        </test-method> <!-- initialize -->
        <test-method signature="runTest(java.util.HashMap)[pri:0, instance:com.test.web.sample.TestUSer3@53dbe163]" started-at="2025-04-20T12:29:58 IST" name="runTest" data-provider="excelData" finished-at="2025-04-20T12:29:59 IST" duration-ms="31" status="PASS">
          <params>
            <param index="0">
              <value>
                <![CDATA[{Expected=Mavi2, Username=Mavi2, TestCaseID=TC001, Run=Y, TestDataID=TD2, URL=https://www.lambdatest.com/selenium-playground/, Password=1234.0}]]>
              </value>
            </param>
          </params>
          <reporter-output>
          </reporter-output>
        </test-method> <!-- runTest -->
        <test-method signature="runTest(java.util.HashMap)[pri:0, instance:com.test.web.sample.TestUSer3@53dbe163]" started-at="2025-04-20T12:29:59 IST" name="runTest" data-provider="excelData" finished-at="2025-04-20T12:29:59 IST" duration-ms="6" status="PASS">
          <params>
            <param index="0">
              <value>
                <![CDATA[{Expected=Username, Username=Mavi3, TestCaseID=TC002, Run=Y, TestDataID=TD3, URL=https://www.lambdatest.com/selenium-playground/, Password=1234.0}]]>
              </value>
            </param>
          </params>
          <reporter-output>
          </reporter-output>
        </test-method> <!-- runTest -->
        <test-method signature="runTest(java.util.HashMap)[pri:0, instance:com.test.web.sample.TestUSer3@53dbe163]" started-at="2025-04-20T12:29:59 IST" name="runTest" data-provider="excelData" finished-at="2025-04-20T12:29:59 IST" duration-ms="1" status="PASS">
          <params>
            <param index="0">
              <value>
                <![CDATA[{Expected=Mavi4, Username=Mavi4, TestCaseID=TC003, Run=Y, TestDataID=TD4, URL=https://www.lambdatest.com/selenium-playground/, Password=1234.0}]]>
              </value>
            </param>
          </params>
          <reporter-output>
          </reporter-output>
        </test-method> <!-- runTest -->
        <test-method signature="runTest(java.util.HashMap)[pri:0, instance:com.test.web.sample.TestUSer3@53dbe163]" started-at="2025-04-20T12:29:59 IST" name="runTest" data-provider="excelData" finished-at="2025-04-20T12:29:59 IST" duration-ms="3" status="PASS">
          <params>
            <param index="0">
              <value>
                <![CDATA[{Expected=Mavi2, Username=Mavi5, TestCaseID=TC004, Run=Y, TestDataID=TD5, URL=https://www.lambdatest.com/selenium-playground/, Password=1234.0}]]>
              </value>
            </param>
          </params>
          <reporter-output>
          </reporter-output>
        </test-method> <!-- runTest -->
        <test-method signature="runTest(java.util.HashMap)[pri:0, instance:com.test.web.sample.TestUSer3@53dbe163]" started-at="2025-04-20T12:29:59 IST" name="runTest" data-provider="excelData" finished-at="2025-04-20T12:29:59 IST" duration-ms="2" status="PASS">
          <params>
            <param index="0">
              <value>
                <![CDATA[{Expected=123.0, Username=Mavi6, TestCaseID=TC005, Run=Y, TestDataID=TD6, URL=https://www.lambdatest.com/selenium-playground/, Password=1234.0}]]>
              </value>
            </param>
          </params>
          <reporter-output>
          </reporter-output>
        </test-method> <!-- runTest -->
      </class> <!-- com.test.web.sample.TestUSer3 -->
    </test> <!-- Default test -->
  </suite> <!-- Default suite -->
</testng-results>
